
2019-09-20T12:37:21+05:45 [error]:Message - collection is not definedcollection is not defined
2019-09-20T12:41:57+05:45 [error]:Message - collection is not definedcollection is not defined
2019-09-20T12:43:59+05:45 [error]:Message - collection is not definedcollection is not defined
2019-09-20T12:44:36+05:45 [error]:Message - collection is not definedcollection is not defined
2019-09-20T12:45:05+05:45 [error]:Message - collection name must be a Stringcollection name must be a String
2019-09-20T12:46:45+05:45 [error]:Message - collection name must be a Stringcollection name must be a String
2019-09-20T13:04:39+05:45 [error]:Message - collection name must be a Stringcollection name must be a String
2019-09-20T13:05:40+05:45 [error]:Message - collection name must be a Stringcollection name must be a String
2019-09-20T13:12:31+05:45 [error]:Message - collection name must be a Stringcollection name must be a String
2019-09-20T13:24:00+05:45 [error]:Message - collection name must be a Stringcollection name must be a String
2019-09-20T13:35:39+05:45 [error]:Message - Cannot read property 'message' of undefinedCannot read property 'message' of undefined
2019-09-20T13:40:51+05:45 [error]:Message - collection name must be a Stringcollection name must be a String
2019-09-20T13:40:54+05:45 [error]:Message - Cannot read property 'message' of undefinedCannot read property 'message' of undefined
2019-09-20T13:53:23+05:45 [error]:Message - Cannot read property 'message' of undefinedCannot read property 'message' of undefined
2019-09-20T13:53:25+05:45 [error]:Message - collection name must be a Stringcollection name must be a String
2019-09-20T13:55:26+05:45 [error]:Message - collection name must be a Stringcollection name must be a String
2019-09-20T13:57:48+05:45 [error]:Message - collection name must be a Stringcollection name must be a String
2019-09-20T14:03:50+05:45 [error]:Message - collection name must be a Stringcollection name must be a String
2019-09-20T14:12:12+05:45 [error]:Message - collection name must be a Stringcollection name must be a String
2019-09-20T14:22:30+05:45 [error]:Message - Cannot set headers after they are sent to the clientCannot set headers after they are sent to the client
2019-09-20T14:32:34+05:45 [error]:Message - Cannot set headers after they are sent to the clientCannot set headers after they are sent to the client
2019-09-20T14:35:45+05:45 [error]:Message - Cannot set headers after they are sent to the clientCannot set headers after they are sent to the client
2019-09-20T14:36:08+05:45 [error]:Message - Cannot set headers after they are sent to the clientCannot set headers after they are sent to the client
2019-09-20T14:37:00+05:45 [error]:Message - Cannot set headers after they are sent to the clientCannot set headers after they are sent to the client
2019-09-20T14:42:12+05:45 [error]:Message - Cannot set headers after they are sent to the clientCannot set headers after they are sent to the client
2019-09-20T14:43:10+05:45 [error]:Message - Cannot set headers after they are sent to the clientCannot set headers after they are sent to the client
2019-09-20T14:43:16+05:45 [error]:Message - Cannot set headers after they are sent to the clientCannot set headers after they are sent to the client
2019-09-20T14:44:04+05:45 [error]:Message - Cannot set headers after they are sent to the clientCannot set headers after they are sent to the client
2019-09-20T17:23:30+05:45 [error]:Message - Converting circular structure to JSONConverting circular structure to JSON
2019-09-20T17:32:34+05:45 [error]:Message - frameworks is not definedframeworks is not defined
2019-09-22T10:21:49+05:45 [error]:Message - client.hmgetall is not a functionclient.hmgetall is not a function
2019-09-22T10:30:28+05:45 [error]:Message - users is not definedusers is not defined
2019-09-22T10:58:35+05:45 [error]:Message - users is not definedusers is not defined
2019-09-22T10:58:52+05:45 [error]:Message - users is not definedusers is not defined
2019-09-22T11:14:12+05:45 [error]:Message - client.HMSET(...).toArrray is not a functionclient.HMSET(...).toArrray is not a function
2019-09-22T11:34:39+05:45 [error]:Message - JSON.stringify(...).toArry is not a functionJSON.stringify(...).toArry is not a function
2019-09-22T11:41:01+05:45 [error]:Message - Unexpected token o in JSON at position 1Unexpected token o in JSON at position 1
2019-09-22T11:41:16+05:45 [error]:Message - Unexpected token o in JSON at position 1Unexpected token o in JSON at position 1
2019-09-22T11:41:33+05:45 [error]:Message - JSON.Stringify is not a functionJSON.Stringify is not a function
2019-09-22T11:41:53+05:45 [error]:Message - JSON.Stringify is not a functionJSON.Stringify is not a function
2019-09-22T11:50:53+05:45 [error]:Message - client.HMSET(...).toArray is not a functionclient.HMSET(...).toArray is not a function
